1
                 Chemistry at HARvard Macromolecular Mechanics
           (CHARMM) - Developmental Version 47a2   February 15, 2021            
                                Revision unknown                                
       Copyright(c) 1984-2020  President and Fellows of Harvard College
                              All Rights Reserved
      Current operating system: Linux-3.10.0-1160.80.1.el7.x86_64(x86_64)       
                 Created on  8/4/24 at  1:39:26 by user: apache      

            Maximum number of ATOMS:    360720, and RESidues:      120240
 RDTITL> * GENERATED BY CHARMM-GUI (HTTP://WWW.CHARMM-GUI.ORG) V3.7 ON AUG, 04. 2024. JOBID=2274976975
 RDTITL> * ASSEMBLE PREVIOUSLY GENERATED COMPONENTS (LIPID BILAYER, PROTEIN, PORE WATER, WATER, AND ION)
 RDTITL> *
  
 CHARMM>     
  
 CHARMM>    DIMENS CHSIZE 5000000 MAXRES 3000000
Size      Original         New
MAXA        360720     5000000
MAXB        360720     5000000
MAXT        721440    10000000
MAXP       1082160    15000000
MAXIMP      180360     2500000
MAXNB        90180     1250000
MAXPAD      360720     5000000
MAXRES      120240     3000000
MAXSEG       45090      625000
MAXATC        1400
MAXCB         3000
MAXCT        50000
MAXCP        50000
MAXCI         1200
MAXCH         6400
MAXCN       502503
MAXCRT      120240     1666666
  
 CHARMM>     
  
 CHARMM>    ! Read topology and parameter files
 CHARMM>    stream martini_toppar.str
 VOPEN> Attempting to open::martini_toppar.str::
 OPNLGU> Unit 99 opened for READONLY access to martini_toppar.str

                    INPUT STREAM SWITCHING TO UNIT    99
 RDTITL> * GENERATED BY CHARMM-GUI (HTTP://WWW.CHARMM-GUI.ORG) V3.7 ON AUG, 04. 2024. JOBID=2274976975
 RDTITL> * MARTINI FF
 RDTITL> * MARTINI22
 RDTITL> *
 Parameter: IN1 <- "" <empty>
  
 CHARMM>     
  
 CHARMM>    open read card unit 10 name toppar/martini_v2.0_lipids_all_201506.rtf
 VOPEN> Attempting to open::toppar/martini_v2.0_lipids_all_201506.rtf::
 OPNLGU> Unit 10 opened for READONLY access to toppar/martini_v2.0_lipids_all_201506.rtf
  
 CHARMM>    read  rtf card unit 10
 MAINIO> Residue topology file being read from unit  10.
 TITLE> *MARTINI FF PARAMETER IN CHARMM FORMAT
 TITLE> 36   1
  
 CHARMM>     
  
 CHARMM>    open read card unit 10 name toppar/martini_v2.0_ions.rtf
 OPNLGU> Unit already open. The old file will be closed first.
 VCLOSE: Closing unit   10 with status "KEEP"
 VOPEN> Attempting to open::toppar/martini_v2.0_ions.rtf::
 OPNLGU> Unit 10 opened for READONLY access to toppar/martini_v2.0_ions.rtf
  
 CHARMM>    read  rtf card unit 10 append
 MAINIO> Residue topology file being read from unit  10.
 TITLE> *MARTINI FF PARAMETER IN CHARMM FORMAT
 TITLE> 36   1
  
 CHARMM>     
  
 CHARMM>    open read card unit 10 name toppar/martini_v2.2_aminoacids.rtf
 OPNLGU> Unit already open. The old file will be closed first.
 VCLOSE: Closing unit   10 with status "KEEP"
 VOPEN> Attempting to open::toppar/martini_v2.2_aminoacids.rtf::
 OPNLGU> Unit 10 opened for READONLY access to toppar/martini_v2.2_aminoacids.rtf
  
 CHARMM>    read  rtf card unit 10 append
 MAINIO> Residue topology file being read from unit  10.
 TITLE> *MARTINI FF PARAMETER IN CHARMM FORMAT
 TITLE> 36   1
  
 CHARMM>     
  
 CHARMM>    open read card unit 10 name toppar/martini_v2.2_aminoacids.patch
 OPNLGU> Unit already open. The old file will be closed first.
 VCLOSE: Closing unit   10 with status "KEEP"
 VOPEN> Attempting to open::toppar/martini_v2.2_aminoacids.patch::
 OPNLGU> Unit 10 opened for READONLY access to toppar/martini_v2.2_aminoacids.patch
  
 CHARMM>    read  rtf card unit 10 append
 MAINIO> Residue topology file being read from unit  10.
 TITLE> *MARTINI FF PARAMETER IN CHARMM FORMAT
 TITLE> 36   1
  
 CHARMM>     
  
 CHARMM>    open read card unit 20 name toppar/martini_v2.2.prm
 VOPEN> Attempting to open::toppar/martini_v2.2.prm::
 OPNLGU> Unit 20 opened for READONLY access to toppar/martini_v2.2.prm
  
 CHARMM>    read para card unit 20 flex

          PARAMETER FILE BEING READ FROM UNIT 20
 TITLE> *MARTINI FF PARAMETER IN CHARMM FORMAT
 TITLE> *
 PARRDR> Error: Repeated BOND parameter (     2): NA    C1   is replaced
 PARRDR> Error: Repeated BOND parameter (     6): C1    C1   is replaced
 PARRDR> Error: Repeated BOND parameter (     9): C3    C1   is replaced
 PARRDR> Error: Repeated BOND parameter (    29): QA    Q0   is replaced
*****  WARNING  ***** PARRDR no nonbond parameters for atom type: 115  DUM 
 NO nonbond interactions will be computed for this atom type.
 PARMIO> NONBOND, HBOND lists and IMAGE atoms cleared.
  
 CHARMM>     
  
 CHARMM>    open read card unit 20 name toppar/martini_v2.2_aminoacids.auto.cons.prm
 OPNLGU> Unit already open. The old file will be closed first.
 VCLOSE: Closing unit   20 with status "KEEP"
 VOPEN> Attempting to open::toppar/martini_v2.2_aminoacids.auto.cons.prm::
 OPNLGU> Unit 20 opened for READONLY access to toppar/martini_v2.2_aminoacids.auto.cons.prm
  
 CHARMM>    read para card unit 20 append flex

          PARAMETER FILE BEING READ FROM UNIT 20
 TITLE> *MARTINI FF PARAMETER IN CHARMM FORMAT
 TITLE> *
 PARRDR> Error: Repeated ANGLE parameter (     4): C1    C3    C1   is replaced
 PARRDR> Error: Repeated ANGLE parameter (     6): C3    C1    C1   is replaced
PARRDR> **** NEGATIVE ANGLE MINIMA FOUND!
GROMACS style angle energy function used for angles with negative minima.
*****  WARNING  ***** PARRDR no nonbond parameters for atom type: 115  DUM 
 NO nonbond interactions will be computed for this atom type.
 PARMIO> NONBOND, HBOND lists and IMAGE atoms cleared.
  
 CHARMM>     
  
 VCLOSE: Closing unit   99 with status "KEEP"

                    RETURNING TO INPUT STREAM     5
  
 CHARMM>     
  
 CHARMM>    ! Read the system information
 CHARMM>    stream step3_size.str
 VOPEN> Attempting to open::step3_size.str::
 OPNLGU> Unit 99 opened for READONLY access to step3_size.str

                    INPUT STREAM SWITCHING TO UNIT    99
 RDTITL> SET BOXTYPE  = RECT
 RDTITL> No title read.
 Parameter: IN1 <- "" <empty>
  
 CHARMM>     SET BOXTYPE  = RECT
 Parameter: BOXTYPE <- "RECT"
  
 CHARMM>     SET XTLTYPE  = TETRAGONAL
 Parameter: XTLTYPE <- "TETRAGONAL"
  
 CHARMM>     SET A        = 120.112447
 Parameter: A <- "120.112447"
  
 CHARMM>     SET B        = 120.112447
 Parameter: B <- "120.112447"
  
 CHARMM>     SET C        = 85
 Parameter: C <- "85"
  
 CHARMM>     SET ALPHA    = 90.0
 Parameter: ALPHA <- "90.0"
  
 CHARMM>     SET BETA     = 90.0
 Parameter: BETA <- "90.0"
  
 CHARMM>     SET GAMMA    = 90.0
 Parameter: GAMMA <- "90.0"
  
 CHARMM>     SET ZCEN     = 0
 Parameter: ZCEN <- "0"
  
 CHARMM>     SET NLIPTOP  = 229
 Parameter: NLIPTOP <- "229"
  
 CHARMM>     SET NLIPBOT  = 229
 Parameter: NLIPBOT <- "229"
  
 CHARMM>     SET WBOXZ    = 22.5
 Parameter: WBOXZ <- "22.5"
  
 CHARMM>     SET WATBOXZ  = 22.5
 Parameter: WATBOXZ <- "22.5"
  
 CHARMM>     SET NCHARGE  = 0
 Parameter: NCHARGE <- "0"
  
 VCLOSE: Closing unit   99 with status "KEEP"

                    RETURNING TO INPUT STREAM     5
  
 CHARMM>    stream step4_components.str
 VOPEN> Attempting to open::step4_components.str::
 OPNLGU> Unit 99 opened for READONLY access to step4_components.str

                    INPUT STREAM SWITCHING TO UNIT    99
 RDTITL> SET NWATER = 0
 RDTITL> No title read.
 Parameter: IN1 <- "" <empty>
  
 CHARMM>     SET NWATER = 0
 Parameter: NWATER <- "0"
  
 VCLOSE: Closing unit   99 with status "KEEP"

                    RETURNING TO INPUT STREAM     5
  
 CHARMM>     
  
 CHARMM>    ! Read Lipids
 CHARMM>    open read unit 10 card name step4_lipid_lipid.psf
 OPNLGU> Unit already open. The old file will be closed first.
 VCLOSE: Closing unit   10 with status "KEEP"
 VOPEN> Attempting to open::step4_lipid_lipid.psf::
 OPNLGU> Unit 10 opened for READONLY access to step4_lipid_lipid.psf
  
 CHARMM>    read psf  unit 10 card append
 MAINIO> Protein structure file being appended from unit  10.
 psf_read_formatted: Reading PSF in the expanded format.
 TITLE>  * GENERATED BY CHARMM-GUI (HTTP://WWW.CHARMM-GUI.ORG) V3.7 ON AUG, 04. 2024. JOB
 TITLE>  * GET A DIFFERENT CONFORMATION FOR LIPIDS PENETRATING PROTEIN / CHOL
 TITLE>  *  DATE:     8/ 4/24      1:38:47      CREATED BY USER: apache
 TITLE>  *
 PSFSUM> PSF modified: NONBOND lists and IMAGE atoms cleared.
 PSFSUM> Summary of the structure file counters :
         Number of segments      =        1   Number of residues   =      458
         Number of atoms         =     5496   Number of groups     =      458
         Number of bonds         =     5038   Number of angles     =     3664
         Number of dihedrals     =        0   Number of impropers  =        0
         Number of cross-terms   =        0   Number of autogens   =     3664
         Number of HB acceptors  =        0   Number of HB donors  =        0
         Number of NB exclusions =        0   Total charge =    0.00000
  
 CHARMM>     
  
 CHARMM>    open read unit 10 card name step4_lipid_lipid.crd
 OPNLGU> Unit already open. The old file will be closed first.
 VCLOSE: Closing unit   10 with status "KEEP"
 VOPEN> Attempting to open::step4_lipid_lipid.crd::
 OPNLGU> Unit 10 opened for READONLY access to step4_lipid_lipid.crd
  
 CHARMM>    read coor unit 10 card append
          SPATIAL COORDINATES BEING READ FROM UNIT 10
 TITLE> * GENERATED BY CHARMM-GUI (HTTP://WWW.CHARMM-GUI.ORG) V3.7 ON AUG, 04. 2024. JOB
 TITLE> * GET A DIFFERENT CONFORMATION FOR LIPIDS PENETRATING PROTEIN / CHOL
 TITLE> *  DATE:     8/ 4/24      1:38:47      CREATED BY USER: APACHE
 TITLE> *
  
 CHARMM>     
  
 CHARMM>    if nwater .gt. 0 then
 Comparing "0" and "0".
 IF test evaluated as false.  Skip to ELSE or ENDIF
  
 CHARMM>     
  
 CHARMM>    define PTOT sele .not. hydrogen end
 SELRPN>   5496 atoms have been selected out of   5496
  
 CHARMM>     
  
 CHARMM>    !
 CHARMM>    !Add water?
 CHARMM>    !
 CHARMM>     
  
 CHARMM>    calc Zsysmax =  @C / 2.0 + @zcen
 Parameter: C -> "85"
 Parameter: ZCEN -> "0"
Evaluating: 85/2.0+0
 Parameter: ZSYSMAX <- "42.5"
  
 CHARMM>    calc Zsysmin = -@C / 2.0 + @zcen
 Parameter: C -> "85"
 Parameter: ZCEN -> "0"
Evaluating: -85/2.0+0
 Parameter: ZSYSMIN <- "-42.5"
  
 CHARMM>     
  
 CHARMM>    set cnt = 1
 Parameter: CNT <- "1"
  
 CHARMM>    label doupper
  
 CHARMM>       open read unit 10 card name step4.2_waterbox.psf
 OPNLGU> Unit already open. The old file will be closed first.
 VCLOSE: Closing unit   10 with status "KEEP"
 VOPEN> Attempting to open::step4.2_waterbox.psf::
 OPNLGU> Unit 10 opened for READONLY access to step4.2_waterbox.psf
  
 CHARMM>       read psf  unit 10 card append
 MAINIO> Protein structure file being appended from unit  10.
 psf_read_formatted: Reading PSF in the expanded format.
 TITLE>  * GENERATED BY CHARMM-GUI (HTTP://WWW.CHARMM-GUI.ORG) V3.7 ON AUG, 04. 2024. JOB
 TITLE>  * GENERATES WATER BOX TO SOLVATE THE PROTEIN/MEMBRANE COMPLEX
 TITLE>  *  DATE:     8/ 4/24      1:39: 4      CREATED BY USER: apache
 TITLE>  *
 PSFSUM> PSF modified: NONBOND lists and IMAGE atoms cleared.
 PSFSUM> Summary of the structure file counters :
         Number of segments      =        2   Number of residues   =     3159
         Number of atoms         =     8197   Number of groups     =     3159
         Number of bonds         =     5038   Number of angles     =     3664
         Number of dihedrals     =        0   Number of impropers  =        0
         Number of cross-terms   =        0   Number of autogens   =     3664
         Number of HB acceptors  =        0   Number of HB donors  =        0
         Number of NB exclusions =        0   Total charge =    0.00000
  
 CHARMM>     
  
 CHARMM>       open read unit 10 card name step4.2_waterbox.crd
 OPNLGU> Unit already open. The old file will be closed first.
 VCLOSE: Closing unit   10 with status "KEEP"
 VOPEN> Attempting to open::step4.2_waterbox.crd::
 OPNLGU> Unit 10 opened for READONLY access to step4.2_waterbox.crd
  
 CHARMM>       read coor unit 10 card append
          SPATIAL COORDINATES BEING READ FROM UNIT 10
 A RESIDUE OFFSET OF 458 WILL BE USED.
 INFO: A subset of total atoms will be read.

 TITLE> * EQUILIBRATED WATER
 TITLE> *  DATE:     8/ 4/24      1:39: 4      CREATED BY USER: APACHE
 TITLE> *
  
 CHARMM>     
  
 CHARMM>       coor stat sele segid W2 end
 SELRPN>   2701 atoms have been selected out of   8197
 STATISTICS FOR      2701 SELECTED ATOMS:
    XMIN =  -60.231685 XMAX =   59.348315 XAVE =   -0.000000
    YMIN =  -60.138863 YMAX =   59.821137 YAVE =    0.000000
    ZMIN =  -11.483225 ZMAX =   10.946775 ZAVE =   -0.000000
    WMIN =    0.000000 WMAX =    0.000000 WAVE =    0.000000
  
 CHARMM>       calc ztrans = ( @cnt - 1 ) * @watboxZ + @watboxZ / 2.0 + 20.0 ! z=20 is a starting point
 Parameter: CNT -> "1"
 Parameter: WATBOXZ -> "22.5"
 Parameter: WATBOXZ -> "22.5"
Evaluating: (1-1)*22.5+22.5/2.0+20.0
 Parameter: ZTRANS <- "31.25"
  
 CHARMM>       calc zwater = @ztrans + @watboxZ / 2.0
 Parameter: ZTRANS -> "31.25"
 Parameter: WATBOXZ -> "22.5"
Evaluating: 31.25+22.5/2.0
 Parameter: ZWATER <- "42.5"
  
 CHARMM>       coor trans zdir @ztrans sele segid W2 end
 Parameter: ZTRANS -> "31.25"
 SELRPN>   2701 atoms have been selected out of   8197
 TRANSLATION VECTOR     0.000000    0.000000   31.250000
 SELECTED COORDINATES TRANSLATED IN THE MAIN SET.

  
 CHARMM>       coor stat sele segid W2 end
 SELRPN>   2701 atoms have been selected out of   8197
 STATISTICS FOR      2701 SELECTED ATOMS:
    XMIN =  -60.231685 XMAX =   59.348315 XAVE =   -0.000000
    YMIN =  -60.138863 YMAX =   59.821137 YAVE =    0.000000
    ZMIN =   19.766775 ZMAX =   42.196775 ZAVE =   31.250000
    WMIN =    0.000000 WMAX =    0.000000 WAVE =    0.000000
  
 CHARMM>     
  
 CHARMM>       define junk sele .byres. ( ( segid W2 .and. type W ) .and. -
 CHARMM>                                  ( PTOT .around. 4.8 ) ) end
 SELRPN>    470 atoms have been selected out of   8197
  
 CHARMM>       if ?nsel .ne. 0 delete atom sele junk end
 RDCMND substituted energy or value "?NSEL" to "470"
 Comparing "470" and "0".
 IF test evaluated as true.  Performing command
 SELRPN>    470 atoms have been selected out of   8197

 Message from MAPIC: Atom numbers are changed.

 Message from MAPIC:        470 residues deleted.
 PSFSUM> PSF modified: NONBOND lists and IMAGE atoms cleared.
 PSFSUM> Summary of the structure file counters :
         Number of segments      =        2   Number of residues   =     2689
         Number of atoms         =     7727   Number of groups     =     2689
         Number of bonds         =     5038   Number of angles     =     3664
         Number of dihedrals     =        0   Number of impropers  =        0
         Number of cross-terms   =        0   Number of autogens   =     3664
         Number of HB acceptors  =        0   Number of HB donors  =        0
         Number of NB exclusions =        0   Total charge =    0.00000
  
 CHARMM>     
  
 CHARMM>       if nwater .eq. 0 then
 Comparing "0" and "0".
 IF test evaluated as true.  Performing command
  
 CHARMM>          if cnt .eq. 1 then
 Comparing "1" and "1".
 IF test evaluated as true.  Performing command
  
 CHARMM>             rename segid WAT sele segid W2 end
 SELRPN>   2231 atoms have been selected out of   7727
 SEGMENT 'W2      ' IS RENAMED TO 'WAT     '
  
 CHARMM>          else
 Skip commands until next ENDIF
  
 CHARMM>       else
 Skip commands until next ENDIF
  
 CHARMM>     
  
 CHARMM>       define PTOT sele .not. hydrogen end
 SELRPN>   7727 atoms have been selected out of   7727
  
 CHARMM>     
  
 CHARMM>       increase cnt by 1
 Parameter: CNT <- "2"
  
 CHARMM>    if zwater .lt. @Zsysmax goto doupper
 Parameter: ZSYSMAX -> "42.5"
 Comparing "42.5" and "42.5".
 IF test evaluated as false.  Skipping command
  
 CHARMM>     
  
 CHARMM>    define junk sele .byres. ( segid WAT .and. type W .and.  ( prop Z .gt. @Zsysmax ) ) end
 Parameter: ZSYSMAX -> "42.5"
 SELRPN>      0 atoms have been selected out of   7727
  
 CHARMM>    if ?nsel .ne. 0 delete atom sele junk end
 RDCMND substituted energy or value "?NSEL" to "0"
 Comparing "0" and "0".
 IF test evaluated as false.  Skipping command
  
 CHARMM>    join WAT renumber
 THE RESIDUE IDENTIFIERS HAVE BEEN RENUMBERED
 PSFSUM> PSF modified: NONBOND lists and IMAGE atoms cleared.
 PSFSUM> Summary of the structure file counters :
         Number of segments      =        2   Number of residues   =     2689
         Number of atoms         =     7727   Number of groups     =     2689
         Number of bonds         =     5038   Number of angles     =     3664
         Number of dihedrals     =        0   Number of impropers  =        0
         Number of cross-terms   =        0   Number of autogens   =     3664
         Number of HB acceptors  =        0   Number of HB donors  =        0
         Number of NB exclusions =        0   Total charge =    0.00000
  
 CHARMM>     
  
 CHARMM>    coor stat
 STATISTICS FOR      7727 SELECTED ATOMS:
    XMIN =  -63.664157 XMAX =   63.438421 XAVE =   -0.334880
    YMIN =  -63.184952 YMAX =   64.014529 YAVE =    0.155668
    ZMIN =  -21.624335 ZMAX =   42.196775 ZAVE =    9.624881
    WMIN =    0.000000 WMAX =    3.150180 WAVE =    1.353557
  
 CHARMM>    define PTOT sele .not. hydrogen end
 SELRPN>   7727 atoms have been selected out of   7727
  
 CHARMM>     
  
 CHARMM>    set cnt = 1
 Parameter: CNT <- "1"
  
 CHARMM>    label dolower
  
 CHARMM>       open read unit 10 card name step4.2_waterbox.psf
 OPNLGU> Unit already open. The old file will be closed first.
 VCLOSE: Closing unit   10 with status "KEEP"
 VOPEN> Attempting to open::step4.2_waterbox.psf::
 OPNLGU> Unit 10 opened for READONLY access to step4.2_waterbox.psf
  
 CHARMM>       read psf  unit 10 card append
 MAINIO> Protein structure file being appended from unit  10.
 psf_read_formatted: Reading PSF in the expanded format.
 TITLE>  * GENERATED BY CHARMM-GUI (HTTP://WWW.CHARMM-GUI.ORG) V3.7 ON AUG, 04. 2024. JOB
 TITLE>  * GENERATES WATER BOX TO SOLVATE THE PROTEIN/MEMBRANE COMPLEX
 TITLE>  *  DATE:     8/ 4/24      1:39: 4      CREATED BY USER: apache
 TITLE>  *
 PSFSUM> PSF modified: NONBOND lists and IMAGE atoms cleared.
 PSFSUM> Summary of the structure file counters :
         Number of segments      =        3   Number of residues   =     5390
         Number of atoms         =    10428   Number of groups     =     5390
         Number of bonds         =     5038   Number of angles     =     3664
         Number of dihedrals     =        0   Number of impropers  =        0
         Number of cross-terms   =        0   Number of autogens   =     3664
         Number of HB acceptors  =        0   Number of HB donors  =        0
         Number of NB exclusions =        0   Total charge =    0.00000
  
 CHARMM>     
  
 CHARMM>       open read unit 10 card name step4.2_waterbox.crd
 OPNLGU> Unit already open. The old file will be closed first.
 VCLOSE: Closing unit   10 with status "KEEP"
 VOPEN> Attempting to open::step4.2_waterbox.crd::
 OPNLGU> Unit 10 opened for READONLY access to step4.2_waterbox.crd
  
 CHARMM>       read coor unit 10 card append
          SPATIAL COORDINATES BEING READ FROM UNIT 10
 A RESIDUE OFFSET OF2689 WILL BE USED.
 INFO: A subset of total atoms will be read.

 TITLE> * EQUILIBRATED WATER
 TITLE> *  DATE:     8/ 4/24      1:39: 4      CREATED BY USER: APACHE
 TITLE> *
  
 CHARMM>     
  
 CHARMM>       coor stat sele segid W2 end
 SELRPN>   2701 atoms have been selected out of  10428
 STATISTICS FOR      2701 SELECTED ATOMS:
    XMIN =  -60.231685 XMAX =   59.348315 XAVE =   -0.000000
    YMIN =  -60.138863 YMAX =   59.821137 YAVE =    0.000000
    ZMIN =  -11.483225 ZMAX =   10.946775 ZAVE =   -0.000000
    WMIN =    0.000000 WMAX =    0.000000 WAVE =    0.000000
  
 CHARMM>       calc ztrans = ( @cnt - 1 ) * @watboxZ + @watboxZ / 2.0 + 20.0 ! z=-20 is a starting point
 Parameter: CNT -> "1"
 Parameter: WATBOXZ -> "22.5"
 Parameter: WATBOXZ -> "22.5"
Evaluating: (1-1)*22.5+22.5/2.0+20.0
 Parameter: ZTRANS <- "31.25"
  
 CHARMM>       calc zwater = -@ztrans - @watboxZ / 2.0
 Parameter: ZTRANS -> "31.25"
 Parameter: WATBOXZ -> "22.5"
Evaluating: -31.25-22.5/2.0
 Parameter: ZWATER <- "-42.5"
  
 CHARMM>       coor trans zdir -@ztrans sele segid W2 end
 Parameter: ZTRANS -> "31.25"
 SELRPN>   2701 atoms have been selected out of  10428
 TRANSLATION VECTOR     0.000000    0.000000  -31.250000
 SELECTED COORDINATES TRANSLATED IN THE MAIN SET.

  
 CHARMM>       coor stat sele segid W2 end
 SELRPN>   2701 atoms have been selected out of  10428
 STATISTICS FOR      2701 SELECTED ATOMS:
    XMIN =  -60.231685 XMAX =   59.348315 XAVE =   -0.000000
    YMIN =  -60.138863 YMAX =   59.821137 YAVE =    0.000000
    ZMIN =  -42.733225 ZMAX =  -20.303225 ZAVE =  -31.250000
    WMIN =    0.000000 WMAX =    0.000000 WAVE =    0.000000
  
 CHARMM>     
  
 CHARMM>       define junk sele .byres. ( ( segid W2 .and. type W ) .and. -
 CHARMM>                                  ( PTOT .around. 4.8 ) ) end
 SELRPN>    437 atoms have been selected out of  10428
  
 CHARMM>       if ?nsel .ne. 0 delete atom sele junk end
 RDCMND substituted energy or value "?NSEL" to "437"
 Comparing "437" and "0".
 IF test evaluated as true.  Performing command
 SELRPN>    437 atoms have been selected out of  10428

 Message from MAPIC: Atom numbers are changed.

 Message from MAPIC:        437 residues deleted.
 PSFSUM> PSF modified: NONBOND lists and IMAGE atoms cleared.
 PSFSUM> Summary of the structure file counters :
         Number of segments      =        3   Number of residues   =     4953
         Number of atoms         =     9991   Number of groups     =     4953
         Number of bonds         =     5038   Number of angles     =     3664
         Number of dihedrals     =        0   Number of impropers  =        0
         Number of cross-terms   =        0   Number of autogens   =     3664
         Number of HB acceptors  =        0   Number of HB donors  =        0
         Number of NB exclusions =        0   Total charge =    0.00000
  
 CHARMM>     
  
 CHARMM>       join WAT W2 renumber
 SEGMENTS "WAT     " AND "W2      " HAVE BEEN JOINED.
 THE RESIDUE IDENTIFIERS HAVE BEEN RENUMBERED
 PSFSUM> PSF modified: NONBOND lists and IMAGE atoms cleared.
 PSFSUM> Summary of the structure file counters :
         Number of segments      =        2   Number of residues   =     4953
         Number of atoms         =     9991   Number of groups     =     4953
         Number of bonds         =     5038   Number of angles     =     3664
         Number of dihedrals     =        0   Number of impropers  =        0
         Number of cross-terms   =        0   Number of autogens   =     3664
         Number of HB acceptors  =        0   Number of HB donors  =        0
         Number of NB exclusions =        0   Total charge =    0.00000
  
 CHARMM>     
  
 CHARMM>       define PTOT sele .not. hydrogen end
 SELRPN>   9991 atoms have been selected out of   9991
  
 CHARMM>     
  
 CHARMM>       increase cnt by 1
 Parameter: CNT <- "2"
  
 CHARMM>    if zwater .gt. @Zsysmin goto dolower
 Parameter: ZSYSMIN -> "-42.5"
 Comparing "-42.5" and "-42.5".
 IF test evaluated as false.  Skipping command
  
 CHARMM>     
  
 CHARMM>    define junk sele .byres. ( segid WAT .and. type W .and.  ( prop Z .lt. @Zsysmin ) ) end
 Parameter: ZSYSMIN -> "-42.5"
 SELRPN>     33 atoms have been selected out of   9991
  
 CHARMM>    if ?nsel .ne. 0 delete atom sele junk end
 RDCMND substituted energy or value "?NSEL" to "33"
 Comparing "33" and "0".
 IF test evaluated as true.  Performing command
 SELRPN>     33 atoms have been selected out of   9991

 Message from MAPIC: Atom numbers are changed.

 Message from MAPIC:         33 residues deleted.
 PSFSUM> PSF modified: NONBOND lists and IMAGE atoms cleared.
 PSFSUM> Summary of the structure file counters :
         Number of segments      =        2   Number of residues   =     4920
         Number of atoms         =     9958   Number of groups     =     4920
         Number of bonds         =     5038   Number of angles     =     3664
         Number of dihedrals     =        0   Number of impropers  =        0
         Number of cross-terms   =        0   Number of autogens   =     3664
         Number of HB acceptors  =        0   Number of HB donors  =        0
         Number of NB exclusions =        0   Total charge =    0.00000
  
 CHARMM>    join WAT renumber
 THE RESIDUE IDENTIFIERS HAVE BEEN RENUMBERED
 PSFSUM> PSF modified: NONBOND lists and IMAGE atoms cleared.
 PSFSUM> Summary of the structure file counters :
         Number of segments      =        2   Number of residues   =     4920
         Number of atoms         =     9958   Number of groups     =     4920
         Number of bonds         =     5038   Number of angles     =     3664
         Number of dihedrals     =        0   Number of impropers  =        0
         Number of cross-terms   =        0   Number of autogens   =     3664
         Number of HB acceptors  =        0   Number of HB donors  =        0
         Number of NB exclusions =        0   Total charge =    0.00000
  
 CHARMM>     
  
 CHARMM>    !
 CHARMM>    ! Add ions?
 CHARMM>    !
 CHARMM>     
  
 CHARMM>    stream step4.3_ion.str
 VOPEN> Attempting to open::step4.3_ion.str::
 OPNLGU> Unit 99 opened for READONLY access to step4.3_ion.str

                    INPUT STREAM SWITCHING TO UNIT    99
 RDTITL> SET NIONTYPES = 1
 RDTITL> No title read.
 Parameter: IN1 <- "" <empty>
  
 CHARMM>     SET NIONTYPES = 1
 Parameter: NIONTYPES <- "1"
  
 CHARMM>     SET NPOSTOT = 53
 Parameter: NPOSTOT <- "53"
  
 CHARMM>     SET NNEGTOT = 53
 Parameter: NNEGTOT <- "53"
  
 CHARMM>     SET NIONTOT = 106
 Parameter: NIONTOT <- "106"
  
 VCLOSE: Closing unit   99 with status "KEEP"

                    RETURNING TO INPUT STREAM     5
  
 CHARMM>     
  
 CHARMM>    read psf  card name step4.3_ion.psf append
 VOPEN> Attempting to open::step4.3_ion.psf::
 MAINIO> Protein structure file being appended from unit  90.
 psf_read_formatted: Reading PSF in the expanded format.
 TITLE>  * GENERATED BY CHARMM-GUI (HTTP://WWW.CHARMM-GUI.ORG) V3.7 ON AUG, 04. 2024. JOB
 TITLE>  * GENERATES ION CONFORMATION USING MONTE-CARLO SIMULATION
 TITLE>  *  DATE:     8/ 4/24      1:39:11      CREATED BY USER: apache
 TITLE>  *
 PSFSUM> PSF modified: NONBOND lists and IMAGE atoms cleared.
 PSFSUM> Summary of the structure file counters :
         Number of segments      =        3   Number of residues   =     5026
         Number of atoms         =    10064   Number of groups     =     5026
         Number of bonds         =     5038   Number of angles     =     3664
         Number of dihedrals     =        0   Number of impropers  =        0
         Number of cross-terms   =        0   Number of autogens   =     3664
         Number of HB acceptors  =        0   Number of HB donors  =        0
         Number of NB exclusions =        0   Total charge =    0.00000
 VCLOSE: Closing unit   90 with status "KEEP"
  
 CHARMM>    read coor card name step4.3_ion.crd append
 VOPEN> Attempting to open::step4.3_ion.crd::
          SPATIAL COORDINATES BEING READ FROM UNIT 90
 A RESIDUE OFFSET OF4920 WILL BE USED.
 INFO: A subset of total atoms will be read.

 TITLE> * GENERATED BY CHARMM-GUI (HTTP://WWW.CHARMM-GUI.ORG) V3.7 ON AUG, 04. 2024. JOB
 TITLE> * GENERATES ION CONFORMATION USING MONTE-CARLO SIMULATION
 TITLE> *  DATE:     8/ 4/24      1:39:11      CREATED BY USER: APACHE
 TITLE> *
 VCLOSE: Closing unit   90 with status "KEEP"
  
 CHARMM>     
  
 CHARMM>    !
 CHARMM>    ! Write PSF, coordinates, and information of the assembled system
 CHARMM>    !
 CHARMM>     
  
 CHARMM>    open write unit 10 card name step5_assembly.psf
 OPNLGU> Unit already open. The old file will be closed first.
 VCLOSE: Closing unit   10 with status "KEEP"
 VOPEN> Attempting to open::step5_assembly.psf::
 OPNLGU> Unit 10 opened for WRITE access to step5_assembly.psf
  
 CHARMM>    write psf  unit 10 card
 RDTITL>  
 RDTITL> No title read.
 VCLOSE: Closing unit   10 with status "KEEP"
  
 CHARMM>     
  
 CHARMM>    open write unit 10 card name step5_assembly.oldpsf
 VOPEN> Attempting to open::step5_assembly.oldpsf::
 OPNLGU> Unit 10 opened for WRITE access to step5_assembly.oldpsf
  
 CHARMM>    write psf  unit 10 card oldpsf
 RDTITL>  
 RDTITL> No title read.
 VCLOSE: Closing unit   10 with status "KEEP"
  
 CHARMM>     
  
 CHARMM>    open write unit 10 card name step5_assembly.pdb
 VOPEN> Attempting to open::step5_assembly.pdb::
 OPNLGU> Unit 10 opened for WRITE access to step5_assembly.pdb
  
 CHARMM>    write coor unit 10 pdb
 RDTITL>  
 RDTITL> No title read.
  Write CHARMM-pdb format
  
 CHARMM>     
  
 CHARMM>    open write unit 10 card name step5_assembly.crd
 OPNLGU> Unit already open. The old file will be closed first.
 VCLOSE: Closing unit   10 with status "KEEP"
 VOPEN> Attempting to open::step5_assembly.crd::
 OPNLGU> Unit 10 opened for WRITE access to step5_assembly.crd
  
 CHARMM>    write coor unit 10 card
 RDTITL>  
 RDTITL> No title read.
 VCLOSE: Closing unit   10 with status "KEEP"
  
 CHARMM>     
  
 CHARMM>    define WAT sele resname W .and. type W end
 SELRPN>   4462 atoms have been selected out of  10064
  
 CHARMM>    set Nwater   = ?nsel
 RDCMND substituted energy or value "?NSEL" to "4462"
 Parameter: NWATER <- "4462"
  
 CHARMM>     
  
 CHARMM>    open write card  unit 51 name step5_assembly.str
 VOPEN> Attempting to open::step5_assembly.str::
 OPNLGU> Unit 51 opened for WRITE access to step5_assembly.str
  
 CHARMM>    write title unit 51
 RDTITL> * SET BOXTYPE  = RECT
 RDTITL> * SET XTLTYPE  = TETRAGONAL
 RDTITL> * SET A        = 120.112447
 RDTITL> * SET B        = 120.112447
 RDTITL> * SET C        = 85
 RDTITL> * SET ALPHA    = 90.0
 RDTITL> * SET BETA     = 90.0
 RDTITL> * SET GAMMA    = 90.0
 RDTITL> * SET ZCEN     = 0.0
 RDTITL> * SET NLIPTOP  = 229
 RDTITL> * SET NLIPBOT  = 229
 RDTITL> * SET NWATER   = 4462
 RDTITL> * SET NIONTYPES = 1
 RDTITL> * SET NPOSTOT = 53
 RDTITL> * SET NNEGTOT = 53
 RDTITL> * SET NIONTOT = 106
 RDTITL> *
  
 CHARMM>     
  
 CHARMM>    stop
 VCLOSE: Closing unit   20 with status "KEEP"
 VCLOSE: Closing unit   51 with status "KEEP"
$$$$$$  New timer profile $$$$$
 Total time                      3.56 Other:            0.00

                    NORMAL TERMINATION BY NORMAL STOP
                    NO WARNINGS WERE ISSUED

                    $$$$$ JOB ACCOUNTING INFORMATION $$$$$
                     ELAPSED TIME:     3.56  SECONDS 
                         CPU TIME:     3.55  SECONDS 
